<?xml version="1.0" encoding="UTF-8"?>
<!-- Generated by org.testng.reporters.JUnitReportReporter -->
<testsuite skipped="0" hostname="Rizwanas" name="projects.training.weekThree.testToCheckIfAddedProductsAreDisplayedInHomeScreen" tests="1" failures="0" timestamp="11 Mar 2019 20:58:12 GMT" time="28.982" errors="0">
  <testcase name="testToCheckIfAddedProductsAreDisplayedInHomeScreen_test" time="28.982" classname="projects.training.weekThree.testToCheckIfAddedProductsAreDisplayedInHomeScreen"/>
</testsuite> <!-- projects.training.weekThree.testToCheckIfAddedProductsAreDisplayedInHomeScreen -->
