<?xml version="1.0" encoding="UTF-8"?>
<!-- Generated by org.testng.reporters.JUnitReportReporter -->
<testsuite skipped="0" hostname="Rizwanas" name="projects.training.weekOne.TestToFilterOrderDetails" tests="1" failures="0" timestamp="19 Feb 2019 03:46:23 GMT" time="12.712" errors="0">
  <testcase name="TestToFilterReportFromReportsModule_test" time="12.712" classname="projects.training.weekOne.TestToFilterOrderDetails"/>
</testsuite> <!-- projects.training.weekOne.TestToFilterOrderDetails -->
