<?xml version="1.0" encoding="UTF-8"?>
<!-- Generated by org.testng.reporters.JUnitReportReporter -->
<testsuite skipped="0" hostname="Rizwanas" name="projects.training.weekTwo.TestToCompleteOrderStatusFromDashboard" tests="1" failures="0" timestamp="25 Feb 2019 18:16:02 GMT" time="15.368" errors="0">
  <testcase name="TestToCompleteOrderStatusFromDashboard_test" time="15.368" classname="projects.training.weekTwo.TestToCompleteOrderStatusFromDashboard"/>
</testsuite> <!-- projects.training.weekTwo.TestToCompleteOrderStatusFromDashboard -->
