<?xml version="1.0" encoding="UTF-8"?>
<!-- Generated by org.testng.reporters.JUnitReportReporter -->
<testsuite skipped="0" hostname="Rizwanas" name="projects.training.weekTwo.TestToCreateManufacturerDetails_And_Products" tests="1" failures="0" timestamp="06 Mar 2019 20:27:58 GMT" time="38.502" errors="0">
  <testcase name="TestToAddRewardPoints_test" time="38.502" classname="projects.training.weekTwo.TestToCreateManufacturerDetails_And_Products"/>
</testsuite> <!-- projects.training.weekTwo.TestToCreateManufacturerDetails_And_Products -->
