<?xml version="1.0" encoding="UTF-8"?>
<!-- Generated by org.testng.reporters.JUnitReportReporter -->
<testsuite skipped="0" hostname="Rizwanas" name="projects.training.weekOne.TestToDeleteCustomerDetailsFromCustomerList" tests="1" failures="0" timestamp="19 Feb 2019 03:46:43 GMT" time="13.821" errors="0">
  <testcase name="TestToDeleteCustomerDetailsFromCustomerList_test" time="13.821" classname="projects.training.weekOne.TestToDeleteCustomerDetailsFromCustomerList"/>
</testsuite> <!-- projects.training.weekOne.TestToDeleteCustomerDetailsFromCustomerList -->
