<?xml version="1.0" encoding="UTF-8"?>
<!-- Generated by org.testng.reporters.JUnitReportReporter -->
<testsuite skipped="0" hostname="Rizwanas" name="projects.training.weekTwo.TestToCreateNewGroup" tests="1" failures="0" timestamp="07 Mar 2019 19:02:32 GMT" time="61.359" errors="0">
  <testcase name="TestToCreateNewGroup_test" time="61.359" classname="projects.training.weekTwo.TestToCreateNewGroup"/>
</testsuite> <!-- projects.training.weekTwo.TestToCreateNewGroup -->
