<?xml version="1.0" encoding="UTF-8"?>
<!-- Generated by org.testng.reporters.JUnitReportReporter -->
<testsuite skipped="0" hostname="Rizwanas" name="projects.training.weekOne.TestToFilterReturnDetails" tests="1" failures="0" timestamp="19 Feb 2019 03:45:59 GMT" time="18.543" errors="0">
  <testcase name="TestToFilterReportFromReportsModule_test" time="18.543" classname="projects.training.weekOne.TestToFilterReturnDetails"/>
</testsuite> <!-- projects.training.weekOne.TestToFilterReturnDetails -->
