<?xml version="1.0" encoding="UTF-8"?>
<!-- Generated by org.testng.reporters.JUnitReportReporter -->
<testsuite skipped="0" hostname="Rizwanas" name="projects.training.weekOne.TestToFilterTaxDetails" tests="1" failures="0" timestamp="19 Feb 2019 03:44:33 GMT" time="21.228" errors="0">
  <testcase name="TestToFilterReportFromReportsModule_test" time="21.228" classname="projects.training.weekOne.TestToFilterTaxDetails"/>
</testsuite> <!-- projects.training.weekOne.TestToFilterTaxDetails -->
