<?xml version="1.0" encoding="UTF-8"?>
<!-- Generated by org.testng.reporters.JUnitReportReporter -->
<testsuite skipped="0" hostname="Rizwanas" name="projects.training.weekTwo.TestToAddRewardPoints" tests="1" failures="0" timestamp="07 Mar 2019 18:08:54 GMT" time="28.657" errors="0">
  <testcase name="TestToAddRewardPoints_test" time="28.657" classname="projects.training.weekTwo.TestToAddRewardPoints"/>
</testsuite> <!-- projects.training.weekTwo.TestToAddRewardPoints -->
