<?xml version="1.0" encoding="UTF-8"?>
<!-- Generated by org.testng.reporters.JUnitReportReporter -->
<testsuite skipped="0" hostname="Rizwanas" name="projects.training.weekTwo.TestToPlaceAnOrderFromAdmin" tests="1" failures="0" timestamp="06 Mar 2019 22:14:34 GMT" time="72.242" errors="0">
  <testcase name="TestToPlaceAnOrderFromAdmin_test" time="72.242" classname="projects.training.weekTwo.TestToPlaceAnOrderFromAdmin"/>
</testsuite> <!-- projects.training.weekTwo.TestToPlaceAnOrderFromAdmin -->
