<?xml version="1.0" encoding="UTF-8"?>
<!-- Generated by org.testng.reporters.JUnitReportReporter -->
<testsuite skipped="0" hostname="Rizwanas" name="projects.training.weekOne.TestToFilterOrderDetails" tests="7" failures="0" timestamp="10 Mar 2019 18:50:53 GMT" time="71.764" errors="0">
  <testcase name="loginDBTest" time="11.719" classname="projects.training.weekOne.TestToFilterOrderDetails"/>
  <testcase name="loginDBTest" time="12.036" classname="projects.training.weekOne.TestToFilterOrderDetails"/>
  <testcase name="loginDBTest" time="9.134" classname="projects.training.weekOne.TestToFilterOrderDetails"/>
  <testcase name="loginDBTest" time="9.027" classname="projects.training.weekOne.TestToFilterOrderDetails"/>
  <testcase name="loginDBTest" time="8.888" classname="projects.training.weekOne.TestToFilterOrderDetails"/>
  <testcase name="loginDBTest" time="12.399" classname="projects.training.weekOne.TestToFilterOrderDetails"/>
  <testcase name="loginDBTest" time="8.561" classname="projects.training.weekOne.TestToFilterOrderDetails"/>
</testsuite> <!-- projects.training.weekOne.TestToFilterOrderDetails -->
