<?xml version="1.0" encoding="UTF-8"?>
<!-- Generated by org.testng.reporters.JUnitReportReporter -->
<testsuite skipped="0" hostname="Rizwanas" name="projects.training.weekOne.TestToFilterShippingDetails" tests="1" failures="0" timestamp="19 Feb 2019 03:45:27 GMT" time="13.490" errors="0">
  <testcase name="TestToFilterReportFromReportsModule_test" time="13.490" classname="projects.training.weekOne.TestToFilterShippingDetails"/>
</testsuite> <!-- projects.training.weekOne.TestToFilterShippingDetails -->
