<?xml version="1.0" encoding="UTF-8"?>
<!-- Generated by org.testng.reporters.JUnitReportReporter -->
<testsuite skipped="0" hostname="Rizwanas" name="projects.training.weekThree.testToDeleteReturnsOfCustomerUsingDB" tests="1" failures="0" timestamp="11 Mar 2019 20:04:30 GMT" time="45.029" errors="0">
  <testcase name="testToDeleteRetestToDeleteReturnsOfCustomerUsingDB_test" time="45.029" classname="projects.training.weekThree.testToDeleteReturnsOfCustomerUsingDB"/>
</testsuite> <!-- projects.training.weekThree.testToDeleteReturnsOfCustomerUsingDB -->
